**************************************************
Report         : passing_points

Reference      : Ref:/WORK/APB_top
Implementation : Imp:/WORK/APB_top
Version        : L-2016.03-SP1
Date           : Wed Feb 26 23:06:26 2025
**************************************************

10 Passing compare points:

  Ref  DFF        Ref:/WORK/APB_top/U0_APB_MASTER/current_state_reg[0]
  Impl DFF        Imp:/WORK/APB_top/U0_APB_MASTER/current_state_reg[0]

  Ref  DFF        Ref:/WORK/APB_top/U0_APB_MASTER/current_state_reg[1]
  Impl DFF        Imp:/WORK/APB_top/U0_APB_MASTER/current_state_reg[1]

  Ref  Port       Ref:/WORK/APB_top/apb_read_data_out[0]
  Impl Port       Imp:/WORK/APB_top/apb_read_data_out[0]

  Ref  Port       Ref:/WORK/APB_top/apb_read_data_out[1]
  Impl Port       Imp:/WORK/APB_top/apb_read_data_out[1]

  Ref  Port       Ref:/WORK/APB_top/apb_read_data_out[2]
  Impl Port       Imp:/WORK/APB_top/apb_read_data_out[2]

  Ref  Port       Ref:/WORK/APB_top/apb_read_data_out[3]
  Impl Port       Imp:/WORK/APB_top/apb_read_data_out[3]

  Ref  Port       Ref:/WORK/APB_top/apb_read_data_out[4]
  Impl Port       Imp:/WORK/APB_top/apb_read_data_out[4]

  Ref  Port       Ref:/WORK/APB_top/apb_read_data_out[5]
  Impl Port       Imp:/WORK/APB_top/apb_read_data_out[5]

  Ref  Port       Ref:/WORK/APB_top/apb_read_data_out[6]
  Impl Port       Imp:/WORK/APB_top/apb_read_data_out[6]

  Ref  Port       Ref:/WORK/APB_top/apb_read_data_out[7]
  Impl Port       Imp:/WORK/APB_top/apb_read_data_out[7]

 [BBNet: multiply-driven net
  BBPin: black-box pin
  Cut:   cut-point
  DFF:   non-constant DFF register
  DFF0:  constant 0 DFF register
  DFF1:  constant 1 DFF register
  DFFX:  constant X DFF register
  DFF0X: constrained 0X DFF register
  DFF1X: constrained 1X DFF register
  LAT:   non-constant latch register
  LAT0:  constant 0 latch register
  LAT1:  constant 1 latch register
  LATX:  constant X latch register
  LAT0X: constrained 0X latch register
  LAT1X: constrained 1X latch register
  LATCG: clock-gating latch register
  TLA:   transparent latch register
  TLA0X: transparent constrained 0X latch register
  TLA1X: transparent constrained 1X latch register
  Loop:  cycle break point
  Port:  primary (top-level) port
  Und:   undriven signal cut-point
  Unk:   unknown signal cut-point]

1
