 
****************************************
Report : area
Design : APB_top
Version: K-2015.06
Date   : Wed Feb 26 01:09:46 2025
****************************************

Library(s) Used:

    scmetro_tsmc_cl013g_rvt_ss_1p08v_125c (File: /home/IC/AMBA-APB/synthesis/std_cells/scmetro_tsmc_cl013g_rvt_ss_1p08v_125c.db)

Number of ports:                          128
Number of nets:                          1033
Number of cells:                          914
Number of combinational cells:            910
Number of sequential cells:                 2
Number of macros/black boxes:               0
Number of buf/inv:                        100
Number of references:                       3

Combinational area:               9375.945717
Buf/Inv area:                      891.938610
Noncombinational area:              52.951500
Macro/Black Box area:                0.000000
Net Interconnect area:          457335.617065

Total cell area:                  9428.897217
Total area:                     466764.514283

Hierarchical area distribution
------------------------------

                                  Global cell area          Local cell area
                                  ------------------  ---------------------------- 
Hierarchical cell                 Absolute   Percent  Combi-     Noncombi-  Black-
                                  Total      Total    national   national   boxes   Design
--------------------------------  ---------  -------  ---------  ---------  ------  ----------
APB_top                           9428.8972    100.0     5.8835     0.0000  0.0000  APB_top
U0_APB_MASTER                      374.1906      4.0   321.2391    52.9515  0.0000  APB_MASTER
U1_APB_SALVE                      9048.8231     96.0  9048.8231     0.0000  0.0000  APB_SALVE
--------------------------------  ---------  -------  ---------  ---------  ------  ----------
Total                                                 9375.9457    52.9515  0.0000

1
