                                        
                           Design Compiler Graphical 
                                 DC Ultra (TM)
                                  DFTMAX (TM)
                              Power Compiler (TM)
                                 DesignWare (R)
                                 DC Expert (TM)
                               Design Vision (TM)
                               HDL Compiler (TM)
                               VHDL Compiler (TM)
                                  DFT Compiler
                               Design Compiler(R)
                                        
                 Version K-2015.06 for linux64 - May 28, 2015 
                                        
                    Copyright (c) 1988 - 2015 Synopsys, Inc.
   This software and the associated documentation are proprietary to Synopsys,
 Inc. This software may only be used in accordance with the terms and conditions
 of a written license agreement with Synopsys, Inc. All other use, reproduction,
            or distribution of this software is strictly prohibited.
Initializing...
Initializing gui preferences from file  /home/IC/.synopsys_dv_prefs.tcl
########################### Define Top Module ############################
set top_module APB_top
APB_top
##################### Define Working Library Directory ######################
define_design_lib work -path ./work
1
########################### Formality Setup file ############################
set_svf APB_TOP.svf
1
################## Design Compiler Library Files #setup ######################
puts "###########################################"
###########################################
puts "#      #setting Design Libraries           #"
#      #setting Design Libraries           #
puts "###########################################"
###########################################
#Add the path of the libraries to the search_path variable
lappend search_path /home/IC/AMBA-APB/synthesis/std_cells
. /opt/Synopsys/Synplify2015/libraries/syn /opt/Synopsys/Synplify2015/minpower/syn /opt/Synopsys/Synplify2015/dw/syn_ver /opt/Synopsys/Synplify2015/dw/sim_ver /home/IC/AMBA-APB/synthesis/std_cells
lappend search_path /home/IC/AMBA-APB/synthesis/rtl
. /opt/Synopsys/Synplify2015/libraries/syn /opt/Synopsys/Synplify2015/minpower/syn /opt/Synopsys/Synplify2015/dw/syn_ver /opt/Synopsys/Synplify2015/dw/sim_ver /home/IC/AMBA-APB/synthesis/std_cells /home/IC/AMBA-APB/synthesis/rtl
set SSLIB "scmetro_tsmc_cl013g_rvt_ss_1p08v_125c.db"
scmetro_tsmc_cl013g_rvt_ss_1p08v_125c.db
set TTLIB "scmetro_tsmc_cl013g_rvt_tt_1p2v_25c.db"
scmetro_tsmc_cl013g_rvt_tt_1p2v_25c.db
set FFLIB "scmetro_tsmc_cl013g_rvt_ff_1p32v_m40c.db"
scmetro_tsmc_cl013g_rvt_ff_1p32v_m40c.db
## Standard Cell libraries 
set target_library [list $SSLIB $TTLIB $FFLIB]
scmetro_tsmc_cl013g_rvt_ss_1p08v_125c.db scmetro_tsmc_cl013g_rvt_tt_1p2v_25c.db scmetro_tsmc_cl013g_rvt_ff_1p32v_m40c.db
## Standard Cell & Hard Macros libraries 
set link_library [list * $SSLIB $TTLIB $FFLIB]  
* scmetro_tsmc_cl013g_rvt_ss_1p08v_125c.db scmetro_tsmc_cl013g_rvt_tt_1p2v_25c.db scmetro_tsmc_cl013g_rvt_ff_1p32v_m40c.db
######################## Reading RTL Files #################################
puts "###########################################"
###########################################
puts "#             Reading RTL Files           #"
#             Reading RTL Files           #
puts "###########################################"
###########################################
set file_format verilog
verilog
read_file -format $file_format APB_Top.v
Loading db file '/home/IC/AMBA-APB/synthesis/std_cells/scmetro_tsmc_cl013g_rvt_ss_1p08v_125c.db'
Loading db file '/home/IC/AMBA-APB/synthesis/std_cells/scmetro_tsmc_cl013g_rvt_tt_1p2v_25c.db'
Loading db file '/home/IC/AMBA-APB/synthesis/std_cells/scmetro_tsmc_cl013g_rvt_ff_1p32v_m40c.db'
Loading db file '/opt/Synopsys/Synplify2015/libraries/syn/gtech.db'
Loading db file '/opt/Synopsys/Synplify2015/libraries/syn/standard.sldb'
  Loading link library 'scmetro_tsmc_cl013g_rvt_ss_1p08v_125c'
  Loading link library 'scmetro_tsmc_cl013g_rvt_tt_1p2v_25c'
  Loading link library 'scmetro_tsmc_cl013g_rvt_ff_1p32v_m40c'
  Loading link library 'gtech'
Loading verilog file '/home/IC/AMBA-APB/synthesis/rtl/APB_Top.v'
Detecting input file type automatically (-rtl or -netlist).
Running DC verilog reader
Performing 'read' command.
Compiling source file /home/IC/AMBA-APB/synthesis/rtl/APB_Top.v
Reading with netlist reader (equivalent to -netlist option).
Verilog netlist reader completed successfully.
Current design is now '/home/IC/AMBA-APB/synthesis/rtl/APB_top.db:APB_top'
Loaded 1 design.
Current design is 'APB_top'.
APB_top
read_file -format $file_format APB_MASTER.v
Loading verilog file '/home/IC/AMBA-APB/synthesis/rtl/APB_MASTER.v'
Detecting input file type automatically (-rtl or -netlist).
Reading with Presto HDL Compiler (equivalent to -rtl option).
Running PRESTO HDLC
Compiling source file /home/IC/AMBA-APB/synthesis/rtl/APB_MASTER.v

Statistics for case statements in always block at line 49 in file
	'/home/IC/AMBA-APB/synthesis/rtl/APB_MASTER.v'
===============================================
|           Line           |  full/ parallel  |
===============================================
|            61            |    auto/auto     |
===============================================

Inferred memory devices in process
	in routine APB_MASTER line 34 in file
		'/home/IC/AMBA-APB/synthesis/rtl/APB_MASTER.v'.
===============================================================================
|    Register Name    |   Type    | Width | Bus | MB | AR | AS | SR | SS | ST |
===============================================================================
|  current_state_reg  | Flip-flop |   2   |  Y  | N  | Y  | N  | N  | N  | N  |
===============================================================================
Presto compilation completed successfully.
Current design is now '/home/IC/AMBA-APB/synthesis/rtl/APB_MASTER.db:APB_MASTER'
Loaded 1 design.
Current design is 'APB_MASTER'.
APB_MASTER
read_file -format $file_format APB_SLAVE.v
Loading verilog file '/home/IC/AMBA-APB/synthesis/rtl/APB_SLAVE.v'
Detecting input file type automatically (-rtl or -netlist).
Reading with Presto HDL Compiler (equivalent to -rtl option).
Running PRESTO HDLC
Compiling source file /home/IC/AMBA-APB/synthesis/rtl/APB_SLAVE.v
Statistics for MUX_OPs
===========================================================
| block name/line  | Inputs | Outputs | # sel inputs | MB |
===========================================================
|   APB_SALVE/21   |   64   |    8    |      6       | N  |
===========================================================
Presto compilation completed successfully.
Current design is now '/home/IC/AMBA-APB/synthesis/rtl/APB_SALVE.db:APB_SALVE'
Loaded 1 design.
Current design is 'APB_SALVE'.
APB_SALVE
###################### Defining toplevel ###################################
current_design $top_module
Current design is 'APB_top'.
{APB_top}
#################### Liniking All The Design Parts #########################
puts "###############################################"
###############################################
puts "######## Liniking All The Design Parts ########"
######## Liniking All The Design Parts ########
puts "###############################################"
###############################################
link 

  Linking design 'APB_top'
  Using the following designs and libraries:
  --------------------------------------------------------------------------
  * (3 designs)               /home/IC/AMBA-APB/synthesis/rtl/APB_top.db, etc
  scmetro_tsmc_cl013g_rvt_ss_1p08v_125c (library) /home/IC/AMBA-APB/synthesis/std_cells/scmetro_tsmc_cl013g_rvt_ss_1p08v_125c.db
  scmetro_tsmc_cl013g_rvt_tt_1p2v_25c (library) /home/IC/AMBA-APB/synthesis/std_cells/scmetro_tsmc_cl013g_rvt_tt_1p2v_25c.db
  scmetro_tsmc_cl013g_rvt_ff_1p32v_m40c (library) /home/IC/AMBA-APB/synthesis/std_cells/scmetro_tsmc_cl013g_rvt_ff_1p32v_m40c.db

1
#################### Liniking All The Design Parts #########################
puts "###############################################"
###############################################
puts "######## checking design consistency ##########"
######## checking design consistency ##########
puts "###############################################"
###############################################
check_design
 
****************************************
check_design summary:
Version:     K-2015.06
Date:        Wed Feb 26 01:09:40 2025
****************************************

                   Name                                            Total
--------------------------------------------------------------------------------
Inputs/Outputs                                                      1
    Feedthrough (LINT-29)                                           1
--------------------------------------------------------------------------------

Warning: In design 'APB_MASTER', input port 'READ_WRITE' is connected directly to output port 'PWRITE'. (LINT-29)
1
############################### Path groups ################################
puts "###############################################"
###############################################
puts "################ Path groups ##################"
################ Path groups ##################
puts "###############################################"
###############################################
group_path -name INREG -from [all_inputs]
1
group_path -name REGOUT -to [all_outputs]
1
group_path -name INOUT -from [all_inputs] -to [all_outputs]
1
#################### Define Design Constraints #########################
puts "###############################################"
###############################################
puts "############ Design Constraints #### ##########"
############ Design Constraints #### ##########
puts "###############################################"
###############################################
# Constraints
# ----------------------------------------------------------------------------
#
# 1. Master Clock Definitions
#
# 2. Generated Clock Definitions
#
# 3. Clock Uncertainties
#
# 4. Clock Latencies 
#
# 5. Clock Relationships
#
# 6. set input/output delay on ports
#
# 7. Driving cells
#
# 8. Output load
####################################################################################
#########################################################
#### Section 1 : Clock Definition ####
#########################################################
#################################################################################### 
# 1. Master Clock Definitions 
# 2. Generated Clock Definitions
# 3. Clock Latencies
# 4. Clock Uncertainties
# 4. Clock Transitions
####################################################################################
set CLK_NAME PCLK
PCLK
set CLK_PER 20
20
set CLK_SETUP_SKEW 0.2
0.2
set CLK_HOLD_SKEW 0.1
0.1
set CLK_LAT 0
0
set CLK_RISE 0.05
0.05
set CLK_FALL 0.05
0.05
# MASTER CLOCK
create_clock -name $CLK_NAME -period $CLK_PER -waveform [list 0 [expr $CLK_PER / 2]] [get_ports PCLK]
1
set_clock_latency $CLK_LAT [get_clocks $CLK_NAME]
1
set_clock_uncertainty -setup $CLK_SETUP_SKEW [get_clocks $CLK_NAME]
1
set_clock_uncertainty -hold  $CLK_HOLD_SKEW  [get_clocks $CLK_NAME]
1
set_clock_transition -rise $CLK_RISE [get_clocks $CLK_NAME]
1
set_clock_transition -fall $CLK_FALL [get_clocks $CLK_NAME]
1
set_dont_touch_network [list PCLK PRESETn]
1
####################################################################################
#########################################################
#### Section 2 : Clocks Relationships ####
#########################################################
####################################################################################
####################################################################################
#########################################################
#### Section 3 : set input/output delay on ports ####
#########################################################
####################################################################################
set in1_delay  [expr 0.2*$CLK_PER]
4.0
set out1_delay [expr 0.2*$CLK_PER]
4.0
#Constrain Input Paths
set_input_delay $in1_delay -clock $CLK_NAME [get_ports transfer]
1
set_input_delay $in1_delay -clock $CLK_NAME [get_ports READ_WRITE]
1
set_input_delay $in1_delay -clock $CLK_NAME [get_ports apb_write_paddr]
1
set_input_delay $in1_delay -clock $CLK_NAME [get_ports apb_write_data]
1
set_input_delay $in1_delay -clock $CLK_NAME [get_ports apb_read_paddr]
1
#Constrain Output Paths
set_output_delay $out1_delay -clock $CLK_NAME [get_ports apb_read_data_out]
1
####################################################################################
#########################################################
#### Section 4 : Driving cells ####
#########################################################
####################################################################################
set_driving_cell -library scmetro_tsmc_cl013g_rvt_ss_1p08v_125c -lib_cell BUFX2M -pin Y [get_ports transfer]
Warning: Design rule attributes from the driving cell will be
	set on the port. (UID-401)
1
set_driving_cell -library scmetro_tsmc_cl013g_rvt_ss_1p08v_125c -lib_cell BUFX2M -pin Y [get_ports READ_WRITE]
Warning: Design rule attributes from the driving cell will be
	set on the port. (UID-401)
1
set_driving_cell -library scmetro_tsmc_cl013g_rvt_ss_1p08v_125c -lib_cell BUFX2M -pin Y [get_ports apb_write_paddr]
Warning: Design rule attributes from the driving cell will be
	set on the port. (UID-401)
Warning: Design rule attributes from the driving cell will be
	set on the port. (UID-401)
Warning: Design rule attributes from the driving cell will be
	set on the port. (UID-401)
Warning: Design rule attributes from the driving cell will be
	set on the port. (UID-401)
Warning: Design rule attributes from the driving cell will be
	set on the port. (UID-401)
Warning: Design rule attributes from the driving cell will be
	set on the port. (UID-401)
Warning: Design rule attributes from the driving cell will be
	set on the port. (UID-401)
Warning: Design rule attributes from the driving cell will be
	set on the port. (UID-401)
1
set_driving_cell -library scmetro_tsmc_cl013g_rvt_ss_1p08v_125c -lib_cell BUFX2M -pin Y [get_ports apb_write_data]
Warning: Design rule attributes from the driving cell will be
	set on the port. (UID-401)
Warning: Design rule attributes from the driving cell will be
	set on the port. (UID-401)
Warning: Design rule attributes from the driving cell will be
	set on the port. (UID-401)
Warning: Design rule attributes from the driving cell will be
	set on the port. (UID-401)
Warning: Design rule attributes from the driving cell will be
	set on the port. (UID-401)
Warning: Design rule attributes from the driving cell will be
	set on the port. (UID-401)
Warning: Design rule attributes from the driving cell will be
	set on the port. (UID-401)
Warning: Design rule attributes from the driving cell will be
	set on the port. (UID-401)
1
set_driving_cell -library scmetro_tsmc_cl013g_rvt_ss_1p08v_125c -lib_cell BUFX2M -pin Y [get_ports apb_read_paddr]
Warning: Design rule attributes from the driving cell will be
	set on the port. (UID-401)
Warning: Design rule attributes from the driving cell will be
	set on the port. (UID-401)
Warning: Design rule attributes from the driving cell will be
	set on the port. (UID-401)
Warning: Design rule attributes from the driving cell will be
	set on the port. (UID-401)
Warning: Design rule attributes from the driving cell will be
	set on the port. (UID-401)
Warning: Design rule attributes from the driving cell will be
	set on the port. (UID-401)
Warning: Design rule attributes from the driving cell will be
	set on the port. (UID-401)
Warning: Design rule attributes from the driving cell will be
	set on the port. (UID-401)
1
####################################################################################
#########################################################
#### Section 5 : Output load ####
#########################################################
####################################################################################
set_load 0.5 [get_ports apb_read_data_out]
1
####################################################################################
#########################################################
#### Section 6 : Operating Condition ####
#########################################################
####################################################################################
# Define the Worst Library for Max(#setup) analysis
# Define the Best Library for Min(hold) analysis
set_operating_condition -min_library "scmetro_tsmc_cl013g_rvt_ff_1p32v_m40c" -min "scmetro_tsmc_cl013g_rvt_ff_1p32v_m40c" -max_library "scmetro_tsmc_cl013g_rvt_ss_1p08v_125c" -max "scmetro_tsmc_cl013g_rvt_ss_1p08v_125c"
Using operating conditions 'scmetro_tsmc_cl013g_rvt_ss_1p08v_125c' found in library 'scmetro_tsmc_cl013g_rvt_ss_1p08v_125c'.
Using operating conditions 'scmetro_tsmc_cl013g_rvt_ff_1p32v_m40c' found in library 'scmetro_tsmc_cl013g_rvt_ff_1p32v_m40c'.
1
####################################################################################
#########################################################
#### Section 7 : wireload Model ####
#########################################################
####################################################################################
set_wire_load_model -name "tsmc13_wl40" -library scmetro_tsmc_cl013g_rvt_ss_1p08v_125c
1
####################################################################################
#########################################################
#### Section 8 : multicycle path ####
#########################################################
####################################################################################
###################### Mapping and optimization ########################
puts "###############################################"
###############################################
puts "########## Mapping & Optimization #############"
########## Mapping & Optimization #############
puts "###############################################"
###############################################
compile -map_effort high
Information: Evaluating DesignWare library utilization. (UISN-27)

============================================================================
| DesignWare Building Block Library  |         Version         | Available |
============================================================================
| Basic DW Building Blocks           | K-2015.06-DWBB_201506.0 |     *     |
| Licensed DW Building Blocks        |                         |           |
============================================================================


Information: There are 1 potential problems in your design. Please run 'check_design' for more information. (LINT-99)


Warning: Operating condition scmetro_tsmc_cl013g_rvt_ss_1p08v_125c set on design APB_top has different process,
voltage and temperatures parameters than the parameters at which target library 
scmetro_tsmc_cl013g_rvt_tt_1p2v_25c is characterized. Delays may be inaccurate as a result. (OPT-998)

  Beginning Pass 1 Mapping
  ------------------------
  Processing 'APB_SALVE'
  Processing 'APB_MASTER'
  Processing 'APB_top'

  Updating timing information
Information: Updating design information... (UID-85)

  Beginning Implementation Selection
  ----------------------------------

  Beginning Mapping Optimizations  (High effort)
  -------------------------------

                                  TOTAL                                      
   ELAPSED            WORST NEG   SETUP    DESIGN                            
    TIME      AREA      SLACK     COST    RULE COST         ENDPOINT         
  --------- --------- --------- --------- --------- -------------------------
    0:00:02  481214.6      0.00       0.0      12.3                          
    0:00:02  481214.6      0.00       0.0      12.3                          
    0:00:02  481214.6      0.00       0.0      12.3                          
    0:00:02  481214.6      0.00       0.0      12.3                          
    0:00:02  481214.6      0.00       0.0      12.3                          
    0:00:03  470246.6      0.00       0.0       8.8                          
    0:00:03  469816.3      0.00       0.0       6.9                          
    0:00:03  469816.3      0.00       0.0       6.9                          
    0:00:03  469816.3      0.00       0.0       6.9                          
    0:00:03  469816.3      0.00       0.0       6.9                          
    0:00:03  469816.3      0.00       0.0       6.9                          
    0:00:03  469816.3      0.00       0.0       6.9                          
    0:00:03  470357.5      0.00       0.0       5.0                          
    0:00:03  470709.7      0.00       0.0       3.3                          
    0:00:03  471061.8      0.00       0.0       1.7                          
    0:00:04  471414.0      0.00       0.0       0.0                          
    0:00:04  471414.0      0.00       0.0       0.0                          
    0:00:04  471414.0      0.00       0.0       0.0                          
    0:00:04  471414.0      0.00       0.0       0.0                          



  Beginning Delay Optimization Phase
  ----------------------------------

                                  TOTAL                                      
   ELAPSED            WORST NEG   SETUP    DESIGN                            
    TIME      AREA      SLACK     COST    RULE COST         ENDPOINT         
  --------- --------- --------- --------- --------- -------------------------
    0:00:04  471414.0      0.00       0.0       0.0                          
    0:00:04  471414.0      0.00       0.0       0.0                          
    0:00:04  471225.0      0.00       0.0       0.0                          


  Beginning Area-Recovery Phase  (cleanup)
  -----------------------------

                                  TOTAL                                      
   ELAPSED            WORST NEG   SETUP    DESIGN                            
    TIME      AREA      SLACK     COST    RULE COST         ENDPOINT         
  --------- --------- --------- --------- --------- -------------------------
    0:00:04  471225.0      0.00       0.0       0.0                          
    0:00:04  471225.0      0.00       0.0       0.0                          
    0:00:04  468933.2      0.00       0.0       0.0                          
    0:00:04  467019.4      0.00       0.0       0.0                          
    0:00:04  466821.0      0.00       0.0       0.0                          
    0:00:04  466821.0      0.00       0.0       0.0                          
    0:00:04  466821.0      0.00       0.0       0.0                          
    0:00:04  466821.0      0.00       0.0       0.0                          
    0:00:04  466821.0      0.00       0.0       0.0                          
    0:00:04  466764.5      0.00       0.0       0.0                          
    0:00:04  466764.5      0.00       0.0       0.0                          
    0:00:04  466764.5      0.00       0.0       0.0                          
    0:00:04  466764.5      0.00       0.0       0.0                          
    0:00:04  466764.5      0.00       0.0       0.0                          
    0:00:04  466764.5      0.00       0.0       0.0                          
    0:00:04  466764.5      0.00       0.0       0.0                          
Loading db file '/home/IC/AMBA-APB/synthesis/std_cells/scmetro_tsmc_cl013g_rvt_ss_1p08v_125c.db'
Loading db file '/home/IC/AMBA-APB/synthesis/std_cells/scmetro_tsmc_cl013g_rvt_tt_1p2v_25c.db'
Loading db file '/home/IC/AMBA-APB/synthesis/std_cells/scmetro_tsmc_cl013g_rvt_ff_1p32v_m40c.db'


Note: Symbol # after min delay cost means estimated hold TNS across all active scenarios 


  Optimization Complete
  ---------------------
1
set_svf -off
1
#############################################################################
# Write out Design after initial compile
#############################################################################
write_file -format verilog -hierarchy -output APB_Top.v
Writing verilog file '/home/IC/AMBA-APB/synthesis/syn/APB_Top.v'.
Warning: Verilog 'assign' or 'tran' statements are written out. (VO-4)
1
write_file -format ddc -hierarchy -output APB_Top.ddc
Writing ddc file 'APB_Top.ddc'.
1
write_sdc  -nosplit APB_Top.sdc
1
write_sdf           APB_Top.sdf
Information: Annotated 'cell' delays are assumed to include load delay. (UID-282)
Information: Writing timing information to file '/home/IC/AMBA-APB/synthesis/syn/APB_Top.sdf'. (WT-3)
Information: Updating design information... (UID-85)
1
################# reporting #######################
report_area -hierarchy > area.rpt
report_power -hierarchy > power.rpt
report_timing -max_paths 100 -delay_type min > hold.rpt
report_timing -max_paths 100 -delay_type max > setup.rpt
report_clock -attributes > clocks.rpt
report_constraint -all_violators > constraints.rpt
################# starting graphical user interface #######################
#gui_start
#exit
dc_shell> 