 
****************************************
Report : area
Design : APB_top
Version: K-2015.06
Date   : Wed Feb 26 23:00:40 2025
****************************************

Information: Updating design information... (UID-85)
Library(s) Used:

    scmetro_tsmc_cl013g_rvt_ss_1p08v_125c (File: /home/IC/AMBA-APB/AMBA_APB_DFT/std_cells/scmetro_tsmc_cl013g_rvt_ss_1p08v_125c.db)

Number of ports:                          145
Number of nets:                           189
Number of cells:                           55
Number of combinational cells:             49
Number of sequential cells:                 2
Number of macros/black boxes:               0
Number of buf/inv:                          4
Number of references:                       4

Combinational area:                429.495503
Buf/Inv area:                       25.887401
Noncombinational area:              72.955399
Macro/Black Box area:                0.000000
Net Interconnect area:           27626.805176

Total cell area:                   502.450902
Total area:                      28129.256077

Hierarchical area distribution
------------------------------

                                  Global cell area          Local cell area
                                  ------------------  --------------------------- 
Hierarchical cell                 Absolute   Percent  Combi-    Noncombi-  Black-
                                  Total      Total    national  national   boxes   Design
--------------------------------  ---------  -------  --------  ---------  ------  -----------------
APB_top                            502.4509    100.0    0.0000     0.0000  0.0000  APB_top
U0_APB_MASTER                      368.3071     73.3  295.3517    72.9554  0.0000  APB_MASTER_test_1
U0_mux2X1                           11.7670      2.3   11.7670     0.0000  0.0000  mux2X1_0
U1_APB_SALVE                       110.6098     22.0  110.6098     0.0000  0.0000  APB_SALVE
U1_mux2X1                           11.7670      2.3   11.7670     0.0000  0.0000  mux2X1_1
--------------------------------  ---------  -------  --------  ---------  ------  -----------------
Total                                                 429.4955    72.9554  0.0000

1
