                                        
                           Design Compiler Graphical 
                                 DC Ultra (TM)
                                  DFTMAX (TM)
                              Power Compiler (TM)
                                 DesignWare (R)
                                 DC Expert (TM)
                               Design Vision (TM)
                               HDL Compiler (TM)
                               VHDL Compiler (TM)
                                  DFT Compiler
                               Design Compiler(R)
                                        
                 Version K-2015.06 for linux64 - May 28, 2015 
                                        
                    Copyright (c) 1988 - 2015 Synopsys, Inc.
   This software and the associated documentation are proprietary to Synopsys,
 Inc. This software may only be used in accordance with the terms and conditions
 of a written license agreement with Synopsys, Inc. All other use, reproduction,
            or distribution of this software is strictly prohibited.
Initializing...
Initializing gui preferences from file  /home/IC/.synopsys_dv_prefs.tcl
########################### Define Top Module ############################
set top_module APB_top
APB_top
##################### Define Working Library Directory ######################
define_design_lib work -path ./work
1
########################### Formality Setup file ############################
set_svf APB_TOP.svf
1
################## Design Compiler Library Files #setup ######################
puts "###########################################"
###########################################
puts "#      #setting Design Libraries           #"
#      #setting Design Libraries           #
puts "###########################################"
###########################################
#Add the path of the libraries to the search_path variable
lappend search_path /home/IC/AMBA-APB/AMBA_APB_DFT/std_cells
. /opt/Synopsys/Synplify2015/libraries/syn /opt/Synopsys/Synplify2015/minpower/syn /opt/Synopsys/Synplify2015/dw/syn_ver /opt/Synopsys/Synplify2015/dw/sim_ver /home/IC/AMBA-APB/AMBA_APB_DFT/std_cells
lappend search_path /home/IC/AMBA-APB/AMBA_APB_DFT/rtl
. /opt/Synopsys/Synplify2015/libraries/syn /opt/Synopsys/Synplify2015/minpower/syn /opt/Synopsys/Synplify2015/dw/syn_ver /opt/Synopsys/Synplify2015/dw/sim_ver /home/IC/AMBA-APB/AMBA_APB_DFT/std_cells /home/IC/AMBA-APB/AMBA_APB_DFT/rtl
set SSLIB "scmetro_tsmc_cl013g_rvt_ss_1p08v_125c.db"
scmetro_tsmc_cl013g_rvt_ss_1p08v_125c.db
set TTLIB "scmetro_tsmc_cl013g_rvt_tt_1p2v_25c.db"
scmetro_tsmc_cl013g_rvt_tt_1p2v_25c.db
set FFLIB "scmetro_tsmc_cl013g_rvt_ff_1p32v_m40c.db"
scmetro_tsmc_cl013g_rvt_ff_1p32v_m40c.db
## Standard Cell libraries 
set target_library [list $SSLIB $TTLIB $FFLIB]
scmetro_tsmc_cl013g_rvt_ss_1p08v_125c.db scmetro_tsmc_cl013g_rvt_tt_1p2v_25c.db scmetro_tsmc_cl013g_rvt_ff_1p32v_m40c.db
## Standard Cell & Hard Macros libraries 
set link_library [list * $SSLIB $TTLIB $FFLIB]  
* scmetro_tsmc_cl013g_rvt_ss_1p08v_125c.db scmetro_tsmc_cl013g_rvt_tt_1p2v_25c.db scmetro_tsmc_cl013g_rvt_ff_1p32v_m40c.db
######################## Reading RTL Files #################################
puts "###########################################"
###########################################
puts "#             Reading RTL Files           #"
#             Reading RTL Files           #
puts "###########################################"
###########################################
set file_format verilog
verilog
read_file -format $file_format APB_Top.v
Loading db file '/home/IC/AMBA-APB/AMBA_APB_DFT/std_cells/scmetro_tsmc_cl013g_rvt_ss_1p08v_125c.db'
Loading db file '/home/IC/AMBA-APB/AMBA_APB_DFT/std_cells/scmetro_tsmc_cl013g_rvt_tt_1p2v_25c.db'
Loading db file '/home/IC/AMBA-APB/AMBA_APB_DFT/std_cells/scmetro_tsmc_cl013g_rvt_ff_1p32v_m40c.db'
Loading db file '/opt/Synopsys/Synplify2015/libraries/syn/gtech.db'
Loading db file '/opt/Synopsys/Synplify2015/libraries/syn/standard.sldb'
  Loading link library 'scmetro_tsmc_cl013g_rvt_ss_1p08v_125c'
  Loading link library 'scmetro_tsmc_cl013g_rvt_tt_1p2v_25c'
  Loading link library 'scmetro_tsmc_cl013g_rvt_ff_1p32v_m40c'
  Loading link library 'gtech'
Loading verilog file '/home/IC/AMBA-APB/AMBA_APB_DFT/rtl/APB_Top.v'
Detecting input file type automatically (-rtl or -netlist).
Running DC verilog reader
Performing 'read' command.
Compiling source file /home/IC/AMBA-APB/AMBA_APB_DFT/rtl/APB_Top.v
Reading with netlist reader (equivalent to -netlist option).
Verilog netlist reader completed successfully.
Current design is now '/home/IC/AMBA-APB/AMBA_APB_DFT/rtl/APB_top.db:APB_top'
Loaded 1 design.
Current design is 'APB_top'.
APB_top
read_file -format $file_format mux2X1.v
Loading verilog file '/home/IC/AMBA-APB/AMBA_APB_DFT/rtl/mux2X1.v'
Detecting input file type automatically (-rtl or -netlist).
Reading with Presto HDL Compiler (equivalent to -rtl option).
Running PRESTO HDLC
Compiling source file /home/IC/AMBA-APB/AMBA_APB_DFT/rtl/mux2X1.v
Presto compilation completed successfully.
Current design is now '/home/IC/AMBA-APB/AMBA_APB_DFT/rtl/mux2X1.db:mux2X1'
Loaded 1 design.
Current design is 'mux2X1'.
mux2X1
read_file -format $file_format APB_MASTER.v
Loading verilog file '/home/IC/AMBA-APB/AMBA_APB_DFT/rtl/APB_MASTER.v'
Detecting input file type automatically (-rtl or -netlist).
Reading with Presto HDL Compiler (equivalent to -rtl option).
Running PRESTO HDLC
Compiling source file /home/IC/AMBA-APB/AMBA_APB_DFT/rtl/APB_MASTER.v

Statistics for case statements in always block at line 49 in file
	'/home/IC/AMBA-APB/AMBA_APB_DFT/rtl/APB_MASTER.v'
===============================================
|           Line           |  full/ parallel  |
===============================================
|            61            |    auto/auto     |
===============================================

Inferred memory devices in process
	in routine APB_MASTER line 34 in file
		'/home/IC/AMBA-APB/AMBA_APB_DFT/rtl/APB_MASTER.v'.
===============================================================================
|    Register Name    |   Type    | Width | Bus | MB | AR | AS | SR | SS | ST |
===============================================================================
|  current_state_reg  | Flip-flop |   2   |  Y  | N  | Y  | N  | N  | N  | N  |
===============================================================================
Presto compilation completed successfully.
Current design is now '/home/IC/AMBA-APB/AMBA_APB_DFT/rtl/APB_MASTER.db:APB_MASTER'
Loaded 1 design.
Current design is 'APB_MASTER'.
APB_MASTER
read_file -format $file_format APB_SLAVE.v
Loading verilog file '/home/IC/AMBA-APB/AMBA_APB_DFT/rtl/APB_SLAVE.v'
Detecting input file type automatically (-rtl or -netlist).
Reading with Presto HDL Compiler (equivalent to -rtl option).
Running PRESTO HDLC
Compiling source file /home/IC/AMBA-APB/AMBA_APB_DFT/rtl/APB_SLAVE.v
Statistics for MUX_OPs
===========================================================
| block name/line  | Inputs | Outputs | # sel inputs | MB |
===========================================================
|   APB_SALVE/21   |   64   |    8    |      6       | N  |
===========================================================
Presto compilation completed successfully.
Current design is now '/home/IC/AMBA-APB/AMBA_APB_DFT/rtl/APB_SALVE.db:APB_SALVE'
Loaded 1 design.
Current design is 'APB_SALVE'.
APB_SALVE
###################### Defining toplevel ###################################
current_design $top_module
Current design is 'APB_top'.
{APB_top}
#################### Liniking All The Design Parts #########################
puts "###############################################"
###############################################
puts "######## Liniking All The Design Parts ########"
######## Liniking All The Design Parts ########
puts "###############################################"
###############################################
link 

  Linking design 'APB_top'
  Using the following designs and libraries:
  --------------------------------------------------------------------------
  * (4 designs)               /home/IC/AMBA-APB/AMBA_APB_DFT/rtl/APB_top.db, etc
  scmetro_tsmc_cl013g_rvt_ss_1p08v_125c (library) /home/IC/AMBA-APB/AMBA_APB_DFT/std_cells/scmetro_tsmc_cl013g_rvt_ss_1p08v_125c.db
  scmetro_tsmc_cl013g_rvt_tt_1p2v_25c (library) /home/IC/AMBA-APB/AMBA_APB_DFT/std_cells/scmetro_tsmc_cl013g_rvt_tt_1p2v_25c.db
  scmetro_tsmc_cl013g_rvt_ff_1p32v_m40c (library) /home/IC/AMBA-APB/AMBA_APB_DFT/std_cells/scmetro_tsmc_cl013g_rvt_ff_1p32v_m40c.db

1
#################### Liniking All The Design Parts #########################
puts "###############################################"
###############################################
puts "######## checking design consistency ##########"
######## checking design consistency ##########
puts "###############################################"
###############################################
check_design
 
****************************************
check_design summary:
Version:     K-2015.06
Date:        Wed Feb 26 23:00:03 2025
****************************************

                   Name                                            Total
--------------------------------------------------------------------------------
Inputs/Outputs                                                      4
    Unconnected ports (LINT-28)                                     3
    Feedthrough (LINT-29)                                           1
--------------------------------------------------------------------------------

Warning: In design 'APB_top', port 'SI' is not connected to any nets. (LINT-28)
Warning: In design 'APB_top', port 'SE' is not connected to any nets. (LINT-28)
Warning: In design 'APB_top', port 'SO' is not connected to any nets. (LINT-28)
Warning: In design 'APB_MASTER', input port 'READ_WRITE' is connected directly to output port 'PWRITE'. (LINT-29)
1
############################### Path groups ################################
puts "###############################################"
###############################################
puts "################ Path groups ##################"
################ Path groups ##################
puts "###############################################"
###############################################
group_path -name INREG -from [all_inputs]
1
group_path -name REGOUT -to [all_outputs]
1
group_path -name INOUT -from [all_inputs] -to [all_outputs]
1
#################### Define Design Constraints #########################
puts "###############################################"
###############################################
puts "############ Design Constraints #### ##########"
############ Design Constraints #### ##########
puts "###############################################"
###############################################
# Constraints
# ----------------------------------------------------------------------------
#
# 1. Master Clock Definitions
#
# 2. Generated Clock Definitions
#
# 3. Clock Uncertainties
#
# 4. Clock Latencies 
#
# 5. Clock Relationships
#
# 6. set input/output delay on ports
#
# 7. Driving cells
#
# 8. Output load
####################################################################################
#########################################################
#### Section 1 : Clock Definition ####
#########################################################
#################################################################################### 
# 1. Master Clock Definitions 
# 2. Generated Clock Definitions
# 3. Clock Latencies
# 4. Clock Uncertainties
# 4. Clock Transitions
####################################################################################
set CLK_NAME PCLK
PCLK
set CLK_PER 20
20
set CLK_SETUP_SKEW 0.2
0.2
set CLK_HOLD_SKEW 0.1
0.1
set CLK_LAT 0
0
set CLK_RISE 0.05
0.05
set CLK_FALL 0.05
0.05
# MASTER CLOCK
create_clock -name $CLK_NAME -period $CLK_PER -waveform [list 0 [expr $CLK_PER / 2]] [get_ports PCLK]
1
set_clock_latency $CLK_LAT [get_clocks $CLK_NAME]
1
set_clock_uncertainty -setup $CLK_SETUP_SKEW [get_clocks $CLK_NAME]
1
set_clock_uncertainty -hold  $CLK_HOLD_SKEW  [get_clocks $CLK_NAME]
1
set_clock_transition -rise $CLK_RISE [get_clocks $CLK_NAME]
1
set_clock_transition -fall $CLK_FALL [get_clocks $CLK_NAME]
1
set_dont_touch_network [list PCLK PRESETn]
1
####################################################################################
#########################################################
#### Section 2 : Clocks Relationships ####
#########################################################
####################################################################################
####################################################################################
#########################################################
#### Section 3 : set input/output delay on ports ####
#########################################################
####################################################################################
set in1_delay  [expr 0.2*$CLK_PER]
4.0
set out1_delay [expr 0.2*$CLK_PER]
4.0
#Constrain Input Paths
set_input_delay $in1_delay -clock $CLK_NAME [get_ports transfer]
1
set_input_delay $in1_delay -clock $CLK_NAME [get_ports READ_WRITE]
1
set_input_delay $in1_delay -clock $CLK_NAME [get_ports apb_write_paddr]
1
set_input_delay $in1_delay -clock $CLK_NAME [get_ports apb_write_data]
1
set_input_delay $in1_delay -clock $CLK_NAME [get_ports apb_read_paddr]
1
#Constrain Output Paths
set_output_delay $out1_delay -clock $CLK_NAME [get_ports apb_read_data_out]
1
####################################################################################
#########################################################
#### Section 4 : Driving cells ####
#########################################################
####################################################################################
set_driving_cell -library scmetro_tsmc_cl013g_rvt_ss_1p08v_125c -lib_cell BUFX2M -pin Y [get_ports transfer]
Warning: Design rule attributes from the driving cell will be
	set on the port. (UID-401)
1
set_driving_cell -library scmetro_tsmc_cl013g_rvt_ss_1p08v_125c -lib_cell BUFX2M -pin Y [get_ports READ_WRITE]
Warning: Design rule attributes from the driving cell will be
	set on the port. (UID-401)
1
set_driving_cell -library scmetro_tsmc_cl013g_rvt_ss_1p08v_125c -lib_cell BUFX2M -pin Y [get_ports apb_write_paddr]
Warning: Design rule attributes from the driving cell will be
	set on the port. (UID-401)
Warning: Design rule attributes from the driving cell will be
	set on the port. (UID-401)
Warning: Design rule attributes from the driving cell will be
	set on the port. (UID-401)
Warning: Design rule attributes from the driving cell will be
	set on the port. (UID-401)
Warning: Design rule attributes from the driving cell will be
	set on the port. (UID-401)
Warning: Design rule attributes from the driving cell will be
	set on the port. (UID-401)
Warning: Design rule attributes from the driving cell will be
	set on the port. (UID-401)
Warning: Design rule attributes from the driving cell will be
	set on the port. (UID-401)
1
set_driving_cell -library scmetro_tsmc_cl013g_rvt_ss_1p08v_125c -lib_cell BUFX2M -pin Y [get_ports apb_write_data]
Warning: Design rule attributes from the driving cell will be
	set on the port. (UID-401)
Warning: Design rule attributes from the driving cell will be
	set on the port. (UID-401)
Warning: Design rule attributes from the driving cell will be
	set on the port. (UID-401)
Warning: Design rule attributes from the driving cell will be
	set on the port. (UID-401)
Warning: Design rule attributes from the driving cell will be
	set on the port. (UID-401)
Warning: Design rule attributes from the driving cell will be
	set on the port. (UID-401)
Warning: Design rule attributes from the driving cell will be
	set on the port. (UID-401)
Warning: Design rule attributes from the driving cell will be
	set on the port. (UID-401)
1
set_driving_cell -library scmetro_tsmc_cl013g_rvt_ss_1p08v_125c -lib_cell BUFX2M -pin Y [get_ports apb_read_paddr]
Warning: Design rule attributes from the driving cell will be
	set on the port. (UID-401)
Warning: Design rule attributes from the driving cell will be
	set on the port. (UID-401)
Warning: Design rule attributes from the driving cell will be
	set on the port. (UID-401)
Warning: Design rule attributes from the driving cell will be
	set on the port. (UID-401)
Warning: Design rule attributes from the driving cell will be
	set on the port. (UID-401)
Warning: Design rule attributes from the driving cell will be
	set on the port. (UID-401)
Warning: Design rule attributes from the driving cell will be
	set on the port. (UID-401)
Warning: Design rule attributes from the driving cell will be
	set on the port. (UID-401)
1
####################################################################################
#########################################################
#### Section 5 : Output load ####
#########################################################
####################################################################################
set_load 0.5 [get_ports apb_read_data_out]
1
####################################################################################
#########################################################
#### Section 6 : Operating Condition ####
#########################################################
####################################################################################
# Define the Worst Library for Max(#setup) analysis
# Define the Best Library for Min(hold) analysis
set_operating_condition -min_library "scmetro_tsmc_cl013g_rvt_ff_1p32v_m40c" -min "scmetro_tsmc_cl013g_rvt_ff_1p32v_m40c" -max_library "scmetro_tsmc_cl013g_rvt_ss_1p08v_125c" -max "scmetro_tsmc_cl013g_rvt_ss_1p08v_125c"
Using operating conditions 'scmetro_tsmc_cl013g_rvt_ss_1p08v_125c' found in library 'scmetro_tsmc_cl013g_rvt_ss_1p08v_125c'.
Using operating conditions 'scmetro_tsmc_cl013g_rvt_ff_1p32v_m40c' found in library 'scmetro_tsmc_cl013g_rvt_ff_1p32v_m40c'.
1
####################################################################################
#########################################################
#### Section 7 : wireload Model ####
#########################################################
####################################################################################
set_wire_load_model -name "tsmc13_wl40" -library scmetro_tsmc_cl013g_rvt_ss_1p08v_125c
1
####################################################################################
#########################################################
#### Section 8 : multicycle path ####
#########################################################
####################################################################################
###################### Mapping and optimization ########################
puts "###############################################"
###############################################
puts "########## Mapping & Optimization #############"
########## Mapping & Optimization #############
puts "###############################################"
###############################################
compile -map_effort high
Information: Evaluating DesignWare library utilization. (UISN-27)

============================================================================
| DesignWare Building Block Library  |         Version         | Available |
============================================================================
| Basic DW Building Blocks           | K-2015.06-DWBB_201506.0 |     *     |
| Licensed DW Building Blocks        |                         |           |
============================================================================


Information: There are 4 potential problems in your design. Please run 'check_design' for more information. (LINT-99)


Warning: Operating condition scmetro_tsmc_cl013g_rvt_ss_1p08v_125c set on design APB_top has different process,
voltage and temperatures parameters than the parameters at which target library 
scmetro_tsmc_cl013g_rvt_tt_1p2v_25c is characterized. Delays may be inaccurate as a result. (OPT-998)

  Beginning Pass 1 Mapping
  ------------------------
  Processing 'APB_SALVE'
  Processing 'APB_MASTER'
  Processing 'mux2X1_0'
  Processing 'APB_top'

  Updating timing information
Information: Updating design information... (UID-85)

  Beginning Implementation Selection
  ----------------------------------

  Beginning Mapping Optimizations  (High effort)
  -------------------------------

                                  TOTAL                                      
   ELAPSED            WORST NEG   SETUP    DESIGN                            
    TIME      AREA      SLACK     COST    RULE COST         ENDPOINT         
  --------- --------- --------- --------- --------- -------------------------
    0:00:02  482365.2      0.00       0.0      12.3                          
    0:00:02  482365.2      0.00       0.0      12.3                          
    0:00:02  482365.2      0.00       0.0      12.3                          
    0:00:02  482365.2      0.00       0.0      12.3                          
    0:00:02  482365.2      0.00       0.0      12.3                          
    0:00:03  471390.1      0.00       0.0       8.8                          
    0:00:03  470959.9      0.00       0.0       6.9                          
    0:00:03  470959.9      0.00       0.0       6.9                          
    0:00:03  470959.9      0.00       0.0       6.9                          
    0:00:03  470959.9      0.00       0.0       6.9                          
    0:00:03  470959.9      0.00       0.0       6.9                          
    0:00:03  470959.9      0.00       0.0       6.9                          
    0:00:03  471501.1      0.00       0.0       5.0                          
    0:00:03  471853.2      0.00       0.0       3.3                          
    0:00:03  472205.4      0.00       0.0       1.7                          
    0:00:03  472557.5      0.00       0.0       0.0                          
    0:00:03  472557.5      0.00       0.0       0.0                          
    0:00:03  472557.5      0.00       0.0       0.0                          
    0:00:03  472557.5      0.00       0.0       0.0                          



  Beginning Delay Optimization Phase
  ----------------------------------

                                  TOTAL                                      
   ELAPSED            WORST NEG   SETUP    DESIGN                            
    TIME      AREA      SLACK     COST    RULE COST         ENDPOINT         
  --------- --------- --------- --------- --------- -------------------------
    0:00:03  472557.5      0.00       0.0       0.0                          
    0:00:03  472557.5      0.00       0.0       0.0                          
    0:00:03  472368.5      0.00       0.0       0.0                          


  Beginning Area-Recovery Phase  (cleanup)
  -----------------------------

                                  TOTAL                                      
   ELAPSED            WORST NEG   SETUP    DESIGN                            
    TIME      AREA      SLACK     COST    RULE COST         ENDPOINT         
  --------- --------- --------- --------- --------- -------------------------
    0:00:03  472368.5      0.00       0.0       0.0                          
    0:00:03  472368.5      0.00       0.0       0.0                          
    0:00:03  470076.7      0.00       0.0       0.0                          
    0:00:03  468163.0      0.00       0.0       0.0                          
    0:00:04  467964.5      0.00       0.0       0.0                          
    0:00:04  467964.5      0.00       0.0       0.0                          
    0:00:04  467964.5      0.00       0.0       0.0                          
    0:00:04  467964.5      0.00       0.0       0.0                          
    0:00:04  467964.5      0.00       0.0       0.0                          
    0:00:04  467908.1      0.00       0.0       0.0                          
    0:00:04  467908.1      0.00       0.0       0.0                          
    0:00:04  467908.1      0.00       0.0       0.0                          
    0:00:04  467908.1      0.00       0.0       0.0                          
    0:00:04  467908.1      0.00       0.0       0.0                          
    0:00:04  467908.1      0.00       0.0       0.0                          
    0:00:04  467908.1      0.00       0.0       0.0                          
Loading db file '/home/IC/AMBA-APB/AMBA_APB_DFT/std_cells/scmetro_tsmc_cl013g_rvt_ss_1p08v_125c.db'
Loading db file '/home/IC/AMBA-APB/AMBA_APB_DFT/std_cells/scmetro_tsmc_cl013g_rvt_tt_1p2v_25c.db'
Loading db file '/home/IC/AMBA-APB/AMBA_APB_DFT/std_cells/scmetro_tsmc_cl013g_rvt_ff_1p32v_m40c.db'


Note: Symbol # after min delay cost means estimated hold TNS across all active scenarios 


  Optimization Complete
  ---------------------
1
set_svf -off
1
#############################################################################
# Write out Design after initial compile
#############################################################################
write_file -format verilog -hierarchy -output APB_Top.v
Writing verilog file '/home/IC/AMBA-APB/AMBA_APB_DFT/DFT/APB_Top.v'.
Warning: Verilog 'assign' or 'tran' statements are written out. (VO-4)
1
write_file -format ddc -hierarchy -output APB_Top.ddc
Writing ddc file 'APB_Top.ddc'.
1
write_sdc  -nosplit APB_Top.sdc
1
write_sdf           APB_Top.sdf
Information: Annotated 'cell' delays are assumed to include load delay. (UID-282)
Information: Writing timing information to file '/home/IC/AMBA-APB/AMBA_APB_DFT/DFT/APB_Top.sdf'. (WT-3)
Information: Updating design information... (UID-85)
1
#################### Archirecture Scan Chains #########################
puts "###############################################"
###############################################
puts "############ Configure scan chains ############"
############ Configure scan chains ############
puts "###############################################"
###############################################
set_scan_configuration -clock_mixing no_mix                         -style multiplexed_flip_flop                        -replace true -max_length 200  
Accepted scan configuration for modes: all_dft
1
###################### Mapping and optimization ########################
puts "###############################################"
###############################################
puts "########## Mapping & Optimization #############"
########## Mapping & Optimization #############
puts "###############################################"
###############################################
#test_ready compile
compile -scan
Information: Choosing a test methodology will restrict the optimization of sequential cells. (UIO-12)

Information: There are 4 potential problems in your design. Please run 'check_design' for more information. (LINT-99)


Warning: Operating condition scmetro_tsmc_cl013g_rvt_ss_1p08v_125c set on design APB_top has different process,
voltage and temperatures parameters than the parameters at which target library 
scmetro_tsmc_cl013g_rvt_tt_1p2v_25c is characterized. Delays may be inaccurate as a result. (OPT-998)

  Beginning Pass 1 Mapping
  ------------------------
  Processing 'APB_SALVE'
  Processing 'APB_MASTER'
  Processing 'mux2X1_1'
  Processing 'APB_top'

  Updating timing information
Information: Updating design information... (UID-85)

  Beginning Mapping Optimizations  (Medium effort)
  -------------------------------

                                  TOTAL                                      
   ELAPSED            WORST NEG   SETUP    DESIGN                            
    TIME      AREA      SLACK     COST    RULE COST         ENDPOINT         
  --------- --------- --------- --------- --------- -------------------------
    0:00:01   28635.7      0.00       0.0       3.9                          
    0:00:02   28635.7      0.00       0.0       3.9                          
    0:00:02   28635.7      0.00       0.0       3.9                          
    0:00:02   28635.7      0.00       0.0       3.9                          
    0:00:02   28635.7      0.00       0.0       3.9                          
    0:00:02   27955.5      0.00       0.0       1.7                          
    0:00:02   27759.5      0.00       0.0       1.7                          
    0:00:02   27759.5      0.00       0.0       1.7                          
    0:00:02   27759.5      0.00       0.0       1.7                          
    0:00:02   27759.5      0.00       0.0       1.7                          
    0:00:02   27759.5      0.00       0.0       1.7                          
    0:00:02   27759.5      0.00       0.0       1.7                          
    0:00:02   27765.3      0.00       0.0       1.3                          
    0:00:02   27766.5      0.00       0.0       0.0                          
    0:00:02   27766.5      0.00       0.0       0.0                          
    0:00:02   27766.5      0.00       0.0       0.0                          
    0:00:02   27766.5      0.00       0.0       0.0                          



  Beginning Delay Optimization Phase
  ----------------------------------

                                  TOTAL                                      
   ELAPSED            WORST NEG   SETUP    DESIGN                            
    TIME      AREA      SLACK     COST    RULE COST         ENDPOINT         
  --------- --------- --------- --------- --------- -------------------------
    0:00:02   27766.5      0.00       0.0       0.0                          
    0:00:02   27766.5      0.00       0.0       0.0                          
    0:00:02   27382.6      0.00       0.0       1.8                          


  Beginning Design Rule Fixing  (max_transition)  (max_capacitance)
  ----------------------------

                                  TOTAL                                      
   ELAPSED            WORST NEG   SETUP    DESIGN                            
    TIME      AREA      SLACK     COST    RULE COST         ENDPOINT         
  --------- --------- --------- --------- --------- -------------------------
    0:00:02   27382.6      0.00       0.0       1.8                          
    0:00:02   27387.3      0.00       0.0       0.0                          


  Beginning Area-Recovery Phase  (cleanup)
  -----------------------------

                                  TOTAL                                      
   ELAPSED            WORST NEG   SETUP    DESIGN                            
    TIME      AREA      SLACK     COST    RULE COST         ENDPOINT         
  --------- --------- --------- --------- --------- -------------------------
    0:00:02   27387.3      0.00       0.0       0.0                          
    0:00:02   27387.3      0.00       0.0       0.0                          
    0:00:02   27195.9      0.00       0.0       0.0                          
    0:00:02   27195.9      0.00       0.0       0.0                          
    0:00:02   27195.9      0.00       0.0       0.0                          
    0:00:02   27195.9      0.00       0.0       0.0                          
    0:00:02   27195.9      0.00       0.0       0.0                          
    0:00:02   27195.9      0.00       0.0       0.0                          
    0:00:02   27195.9      0.00       0.0       0.0                          
    0:00:02   27195.9      0.00       0.0       0.0                          
    0:00:02   27195.9      0.00       0.0       0.0                          
    0:00:02   27195.9      0.00       0.0       0.0                          
Loading db file '/home/IC/AMBA-APB/AMBA_APB_DFT/std_cells/scmetro_tsmc_cl013g_rvt_ss_1p08v_125c.db'
Loading db file '/home/IC/AMBA-APB/AMBA_APB_DFT/std_cells/scmetro_tsmc_cl013g_rvt_tt_1p2v_25c.db'
Loading db file '/home/IC/AMBA-APB/AMBA_APB_DFT/std_cells/scmetro_tsmc_cl013g_rvt_ff_1p32v_m40c.db'


Note: Symbol # after min delay cost means estimated hold TNS across all active scenarios 


  Optimization Complete
  ---------------------
1
################################################################### 
# Setting Test Timing Variables
################################################################### 
# Preclock Measure Protocol (default protocol)
set test_default_period 100
100
set test_default_delay 0
0
set test_default_bidir_delay 0
0
set test_default_strobe 20
20
set test_default_strobe_width 0
0
########################## Define DFT Signals ##########################
set_dft_signal -port [get_ports scan_clk]  -type ScanClock   -view existing_dft  -timing {10 20}
Accepted dft signal specification for modes: all_dft
1
set_dft_signal -port [get_ports scan_rst]  -type Reset       -view existing_dft  -active_state 0
Accepted dft signal specification for modes: all_dft
1
set_dft_signal -port [get_ports test_mode] -type Constant    -view existing_dft  -active_state 1 
Accepted dft signal specification for modes: all_dft
1
set_dft_signal -port [get_ports test_mode] -type TestMode    -view spec          -active_state 1 
Accepted dft signal specification for modes: all_dft
1
set_dft_signal -port [get_ports SE]        -type ScanEnable  -view spec          -active_state 1   -usage scan
Accepted dft signal specification for modes: all_dft
1
set_dft_signal -port [get_ports SI]        -type ScanDataIn  -view spec 
Accepted dft signal specification for modes: all_dft
1
set_dft_signal -port [get_ports SO]        -type ScanDataOut -view spec  
Accepted dft signal specification for modes: all_dft
1
############################# Create Test Protocol #######################
create_test_protocol
In mode: all_dft...

Information: Starting test protocol creation. (TEST-219)
  ...reading user specified clock signals...
Information: Identified system/test clock port scan_clk (10.0,20.0). (TEST-265)
  ...reading user specified asynchronous signals...
Information: Identified active low asynchronous control port scan_rst. (TEST-266)
Warning: The multi-clock protocol requires that the strobe time be before a clock's pulse if it is used for transition fault testing. (TESTXG-56)
1
###################### Pre-DFT Design Rule Checking #######################
dft_drc -verbose
In mode: all_dft...
  Pre-DFT DRC enabled

Information: Starting test design rule checking. (TEST-222)
  Loading test protocol
  ...basic checks...
  ...basic sequential cell checks...
  	...checking for scan equivalents...
  ...checking vector rules...
  ...checking pre-dft rules...

-----------------------------------------------------------------
  DRC Report

  Total violations: 0

-----------------------------------------------------------------


Test Design rule checking did not find violations

-----------------------------------------------------------------
  Sequential Cell Report

  0 out of 2 sequential cells have violations

-----------------------------------------------------------------

SEQUENTIAL CELLS WITHOUT VIOLATIONS
      *   2 cells are valid scan cells
         U0_APB_MASTER/current_state_reg[0]
         U0_APB_MASTER/current_state_reg[1]

Information: Test design rule checking completed. (TEST-123)
1
############################# Preview DFT ##############################
preview_dft -show scan_summary
  Information: Using test design rule information from previous dft_drc run.
  Architecting Scan Chains

****************************************
Preview_dft report
For    : 'Insert_dft' command
Design : APB_top
Version: K-2015.06
Date   : Wed Feb 26 23:00:23 2025
****************************************

Number of chains: 1
Scan methodology: full_scan
Scan style: multiplexed_flip_flop
Clock domain: no_mix

Chain      Scan Ports (si --> so)        # of Cells   Inst/Chain               Clock (port, time, edge)
-----      ----------------------        ----------   ----------               ------------------------
S 1        SI -->  SO                             2   U0_APB_MASTER/current_state_reg[0]
                            (scan_clk, 10.0, rising) 
1
############################# Insert DFT ##############################
insert_dft
Loading db file '/home/IC/AMBA-APB/AMBA_APB_DFT/std_cells/scmetro_tsmc_cl013g_rvt_ss_1p08v_125c.db'
Loading db file '/home/IC/AMBA-APB/AMBA_APB_DFT/std_cells/scmetro_tsmc_cl013g_rvt_tt_1p2v_25c.db'
Loading db file '/home/IC/AMBA-APB/AMBA_APB_DFT/std_cells/scmetro_tsmc_cl013g_rvt_ff_1p32v_m40c.db'
  Information: Using test design rule information from previous dft_drc run.
  Architecting Scan Chains
  Routing Scan Chains
  Routing Global Signals
  Mapping New Logic
Resetting current test mode
  Beginning Mapping Optimizations
  -------------------------------

                                  TOTAL                                      
   ELAPSED            WORST NEG   SETUP    DESIGN                            
    TIME      AREA      SLACK     COST    RULE COST         ENDPOINT         
  --------- --------- --------- --------- --------- -------------------------

1
compile -scan -incremental
Information: Choosing a test methodology will restrict the optimization of sequential cells. (UIO-12)

Information: There are 1 potential problems in your design. Please run 'check_design' for more information. (LINT-99)


Warning: Operating condition scmetro_tsmc_cl013g_rvt_ss_1p08v_125c set on design APB_top has different process,
voltage and temperatures parameters than the parameters at which target library 
scmetro_tsmc_cl013g_rvt_tt_1p2v_25c is characterized. Delays may be inaccurate as a result. (OPT-998)

  Beginning Pass 1 Mapping  (Incremental)
  ------------------------

  Updating timing information
Information: Updating design information... (UID-85)

  Beginning Mapping Optimizations  (Medium effort)  (Incremental)
  -------------------------------

  Beginning Incremental Implementation Selection
  ----------------------------------------------

  Beginning Delay Optimization Phase
  ----------------------------------

                                  TOTAL                                      
   ELAPSED            WORST NEG   SETUP    DESIGN                            
    TIME      AREA      SLACK     COST    RULE COST         ENDPOINT         
  --------- --------- --------- --------- --------- -------------------------
    0:00:01   28129.3      0.00       0.0       0.0                          
    0:00:01   28129.3      0.00       0.0       0.0                          
    0:00:01   28124.5      0.00       0.0       2.8                          


  Beginning Design Rule Fixing  (max_transition)  (max_capacitance)
  ----------------------------

                                  TOTAL                                      
   ELAPSED            WORST NEG   SETUP    DESIGN                            
    TIME      AREA      SLACK     COST    RULE COST         ENDPOINT         
  --------- --------- --------- --------- --------- -------------------------
    0:00:01   28124.5      0.00       0.0       2.8                          
    0:00:01   28129.3      0.00       0.0       0.0                          
Loading db file '/home/IC/AMBA-APB/AMBA_APB_DFT/std_cells/scmetro_tsmc_cl013g_rvt_ss_1p08v_125c.db'
Loading db file '/home/IC/AMBA-APB/AMBA_APB_DFT/std_cells/scmetro_tsmc_cl013g_rvt_tt_1p2v_25c.db'
Loading db file '/home/IC/AMBA-APB/AMBA_APB_DFT/std_cells/scmetro_tsmc_cl013g_rvt_ff_1p32v_m40c.db'


Note: Symbol # after min delay cost means estimated hold TNS across all active scenarios 


  Optimization Complete
  ---------------------
1
###################### Design Rule Checking #######################
dft_drc -verbose -coverage_estimate
In mode: Internal_scan...
  Design has scan chains in this mode
  Design is scan routed
  Post-DFT DRC enabled

Information: Starting test design rule checking. (TEST-222)
  Loading test protocol
  ...basic checks...
  ...basic sequential cell checks...
  ...checking vector rules...
  ...checking clock rules...
  ...checking scan chain rules...
  ...checking scan compression rules...
  ...checking X-state rules...
  ...checking tristate rules...
  ...extracting scan details...

-----------------------------------------------------------------
  DRC Report

  Total violations: 0

-----------------------------------------------------------------


Test Design rule checking did not find violations

-----------------------------------------------------------------
  Sequential Cell Report

  0 out of 2 sequential cells have violations

-----------------------------------------------------------------

SEQUENTIAL CELLS WITHOUT VIOLATIONS
      *   2 cells are valid scan cells
         U0_APB_MASTER/current_state_reg[0]
         U0_APB_MASTER/current_state_reg[1]

....Inferring feed-through connections....
Information: Test design rule checking completed. (TEST-123)
  Running test coverage estimation...
 468 faults were added to fault list.
 0              79     35       110/0/0    70.13%      0.00
 0               1      0       131/1/0    90.08%      0.00
 
            Pattern Summary Report
 -----------------------------------------------
 #internal patterns                           0
 -----------------------------------------------
 

     Uncollapsed Stuck Fault Summary Report
 -----------------------------------------------
 fault class                     code   #faults
 ------------------------------  ----  ---------
 Detected                         DT        109
 Possibly detected                PT          0
 Undetectable                     UD        347
 ATPG untestable                  AU         12
 Not detected                     ND          0
 -----------------------------------------------
 total faults                               468
 test coverage                            90.08%
 -----------------------------------------------
  Information: The test coverage above may be inferior
               than the real test coverage with customized
               protocol and test simulation library.
1
#############################################################################
# Write out files
#############################################################################
write_file -format verilog -hierarchy -output sys_dft.v
Writing verilog file '/home/IC/AMBA-APB/AMBA_APB_DFT/DFT/sys_dft.v'.
Warning: Verilog 'assign' or 'tran' statements are written out. (VO-4)
1
################# reporting #######################
report_area -hierarchy > area.rpt
report_power -hierarchy > power.rpt
report_timing -max_paths 100 -delay_type min > hold.rpt
report_timing -max_paths 100 -delay_type max > setup.rpt
report_clock -attributes > clocks.rpt
report_constraint -all_violators > constraints.rpt
################# starting graphical user interface #######################
#gui_start
#exit
dc_shell> 